<?xml version="1.0" encoding="UTF-8"?>
<!-- Generated by org.testng.reporters.JUnitReportReporter -->
<testsuite hostname="DESKTOP-TIRA0VI" failures="0" tests="1" name="mytestcases.signup" time="10.316" errors="0" timestamp="2024-04-14T01:30:43 EET" skipped="0">
  <testcase classname="mytestcases.signup" name="myFirsrTest" time="10.316"/>
  <system-out/>
</testsuite> <!-- mytestcases.signup -->
