<?xml version="1.0" encoding="UTF-8"?>
<!-- Generated by org.testng.reporters.JUnitReportReporter -->
<testsuite hostname="DESKTOP-TIRA0VI" failures="0" tests="4" name="mytestcases.signup" time="36.698" errors="0" timestamp="2024-04-30T20:28:21 EET" skipped="0">
  <testcase classname="mytestcases.signup" name="myFirsrTest" time="13.319"/>
  <system-out/>
  <testcase classname="mytestcases.signup" name="logoutProcess" time="5.451"/>
  <system-out/>
  <testcase classname="mytestcases.signup" name="loginProcess" time="7.801"/>
  <system-out/>
  <testcase classname="mytestcases.signup" name="AddOneRandomItem" time="10.127"/>
  <system-out/>
</testsuite> <!-- mytestcases.signup -->
